<?xml version="1.0" encoding="UTF-8"?>
<testsuite xmlns:xsi="http://www.w3.org/2001/XMLSchema-instance" xsi:noNamespaceSchemaLocation="https://maven.apache.org/surefire/maven-surefire-plugin/xsd/surefire-test-report.xsd" name="edu.miu.cs.cs425.AppTest" time="0.101" tests="1" errors="0" skipped="0" failures="0">
  <properties>
    <property name="java.specification.version" value="17"/>
    <property name="sun.cpu.isalist" value="amd64"/>
    <property name="sun.jnu.encoding" value="Cp1252"/>
    <property name="java.class.path" value="D:\oak\MyMUM\teaching\courses\CS425-SWE\_new-topics\containers-and-orchestration\demo-java-cli-app-containerized-using-jetbrains-intellij-docker\helloworlddocker\target\test-classes;D:\oak\MyMUM\teaching\courses\CS425-SWE\_new-topics\containers-and-orchestration\demo-java-cli-app-containerized-using-jetbrains-intellij-docker\helloworlddocker\target\classes;C:\Users\obi\.m2\repository\junit\junit\4.13\junit-4.13.jar;C:\Users\obi\.m2\repository\org\hamcrest\hamcrest-core\1.3\hamcrest-core-1.3.jar;"/>
    <property name="java.vm.vendor" value="Oracle Corporation"/>
    <property name="sun.arch.data.model" value="64"/>
    <property name="user.variant" value=""/>
    <property name="java.vendor.url" value="https://java.oracle.com/"/>
    <property name="user.timezone" value="America/Chicago"/>
    <property name="os.name" value="Windows 10"/>
    <property name="java.vm.specification.version" value="17"/>
    <property name="sun.java.launcher" value="SUN_STANDARD"/>
    <property name="user.country" value="US"/>
    <property name="sun.boot.library.path" value="C:\javaplatform\se\17\jdk\bin"/>
    <property name="sun.java.command" value="C:\Users\obi\AppData\Local\Temp\surefire15966691447408723887\surefirebooter808701109934452529.jar C:\Users\obi\AppData\Local\Temp\surefire15966691447408723887 2022-03-27T01-31-55_236-jvmRun1 surefire9213105933279451511tmp surefire_011782811589044552360tmp"/>
    <property name="jdk.debug" value="release"/>
    <property name="surefire.test.class.path" value="D:\oak\MyMUM\teaching\courses\CS425-SWE\_new-topics\containers-and-orchestration\demo-java-cli-app-containerized-using-jetbrains-intellij-docker\helloworlddocker\target\test-classes;D:\oak\MyMUM\teaching\courses\CS425-SWE\_new-topics\containers-and-orchestration\demo-java-cli-app-containerized-using-jetbrains-intellij-docker\helloworlddocker\target\classes;C:\Users\obi\.m2\repository\junit\junit\4.13\junit-4.13.jar;C:\Users\obi\.m2\repository\org\hamcrest\hamcrest-core\1.3\hamcrest-core-1.3.jar;"/>
    <property name="sun.cpu.endian" value="little"/>
    <property name="user.home" value="C:\Users\obi"/>
    <property name="user.language" value="en"/>
    <property name="java.specification.vendor" value="Oracle Corporation"/>
    <property name="java.version.date" value="2021-10-19"/>
    <property name="java.home" value="C:\javaplatform\se\17\jdk"/>
    <property name="file.separator" value="\"/>
    <property name="basedir" value="D:\oak\MyMUM\teaching\courses\CS425-SWE\_new-topics\containers-and-orchestration\demo-java-cli-app-containerized-using-jetbrains-intellij-docker\helloworlddocker"/>
    <property name="java.vm.compressedOopsMode" value="Zero based"/>
    <property name="line.separator" value="&#10;"/>
    <property name="java.vm.specification.vendor" value="Oracle Corporation"/>
    <property name="java.specification.name" value="Java Platform API Specification"/>
    <property name="surefire.real.class.path" value="C:\Users\obi\AppData\Local\Temp\surefire15966691447408723887\surefirebooter808701109934452529.jar"/>
    <property name="user.script" value=""/>
    <property name="sun.management.compiler" value="HotSpot 64-Bit Tiered Compilers"/>
    <property name="java.runtime.version" value="17.0.1+12-LTS-39"/>
    <property name="user.name" value="obi"/>
    <property name="path.separator" value=";"/>
    <property name="os.version" value="10.0"/>
    <property name="java.runtime.name" value="Java(TM) SE Runtime Environment"/>
    <property name="file.encoding" value="Cp1252"/>
    <property name="java.vm.name" value="Java HotSpot(TM) 64-Bit Server VM"/>
    <property name="localRepository" value="C:\Users\obi\.m2\repository"/>
    <property name="java.vendor.url.bug" value="https://bugreport.java.com/bugreport/"/>
    <property name="java.io.tmpdir" value="C:\Users\obi\AppData\Local\Temp\"/>
    <property name="java.version" value="17.0.1"/>
    <property name="user.dir" value="D:\oak\MyMUM\teaching\courses\CS425-SWE\_new-topics\containers-and-orchestration\demo-java-cli-app-containerized-using-jetbrains-intellij-docker\helloworlddocker"/>
    <property name="os.arch" value="amd64"/>
    <property name="java.vm.specification.name" value="Java Virtual Machine Specification"/>
    <property name="sun.os.patch.level" value=""/>
    <property name="native.encoding" value="Cp1252"/>
    <property name="java.library.path" value="C:\javaplatform\se\17\jdk\bin;C:\WINDOWS\Sun\Java\bin;C:\WINDOWS\system32;C:\WINDOWS;C:\Program Files\Microsoft MPI\Bin\;C:\javaplatform\se\17\jdk\bin;C:\javaplatform\se\11\jdk\bin;C:\javaplatform\se\8\jdk\bin;C:\apache\derby\10.14.2.0\bin;C:\Program Files\Common Files\Oracle\Java\javapath;C:\apache\maven\3.8.1\bin;C:\apache\tomcat\9.0.34\bin;C:\Program Files (x86)\Intel\Intel(R) Management Engine Components\iCLS\;C:\Program Files\Intel\Intel(R) Management Engine Components\iCLS\;C:\Python27\;C:\Python27\Scripts;C:\WINDOWS\system32;C:\WINDOWS;C:\WINDOWS\System32\Wbem;C:\WINDOWS\System32\WindowsPowerShell\v1.0\;C:\WINDOWS\System32\OpenSSH\;C:\Program Files\Microsoft VS Code\bin;C:\ProgramData\chocolatey\bin;C:\Program Files (x86)\Intel\Intel(R) Management Engine Components\DAL;C:\Program Files\Intel\Intel(R) Management Engine Components\DAL;C:\Program Files\Intel\WiFi\bin\;C:\Program Files\Common Files\Intel\WirelessCommon\;C:\Program Files (x86)\Microsoft SQL Server\140\Tools\Binn\;C:\Program Files\Microsoft SQL Server\140\Tools\Binn\;C:\Program Files (x86)\Microsoft SQL Server\140\DTS\Binn\;C:\Program Files\Microsoft SQL Server\140\DTS\Binn\;C:\Program Files\Microsoft SQL Server\Client SDK\ODBC\130\Tools\Binn\;C:\Program Files (x86)\Microsoft SQL Server\150\DTS\Binn\;C:\Program Files\Microsoft SQL Server\130\Tools\Binn\;C:\Program Files\dotnet\;C:\Program Files\Microsoft SQL Server\Client SDK\ODBC\170\Tools\Binn\;C:\Program Files\MySQL\MySQL Utilities 1.6\;C:\Windows\Microsoft.NET\Framework64\v4.0.30319;C:\spring\spring-boot-cli\2.5.2\bin;C:\Program Files\LINQPad5;C:\Program Files\LINQPad6;C:\golang\sdk\1.15.6\bin;C:\Program Files (x86)\dotnet\;C:\Program Files\Microsoft VS Code Insiders\bin;C:\Program Files (x86)\Microsoft SQL Server\150\Tools\Binn\;C:\Program Files\Microsoft SQL Server\150\Tools\Binn\;C:\Program Files\Microsoft SQL Server\150\DTS\Binn\;C:\Program Files\Azure Data Studio\bin;C:\Program Files\LINQPad7;C:\mongodb\server\5.0.5\bin;C:\mongodb\tools\mongosh\bin;C:\mongodb\tools\dbtools\bin;%NVM_HOME%;%NVM_SYMLINK%;C:\Program Files\Git\cmd;C:\Program Files\PowerShell\7\;C:\Program Files\Docker\Docker\resources\bin;C:\ProgramData\DockerDesktop\version-bin;C:\Users\obi\AppData\Local\Programs\Python\Python310\Scripts\;C:\Users\obi\AppData\Local\Programs\Python\Python310\;C:\Program Files\MySQL\MySQL Shell 8.0\bin\;C:\Users\obi\.dotnet\tools;C:\Users\obi\AppData\Local\Microsoft\WindowsApps;C:\GitHub-CLI\;C:\Users\obi\.dotnet\tools;C:\Users\obi\go\bin;C:\Users\obi\AppData\Local\atom\bin;C:\Users\obi\.dotnet\tools;C:\Users\obi\AppData\Local\JetBrains\Toolbox\apps\IDEA-U\ch-0\212.5284.40\bin;C:\Program Files\Azure Data Studio\bin;C:\Users\obi\AppData\Local\Programs\oh-my-posh\bin;C:\Users\obi\AppData\Local\Programs\oh-my-posh\themes;C:\Users\obi\AppData\Local\Hyper\app-3.0.2\resources\bin;C:\Users\obi\AppData\Local\Programs\Hyper\resources\bin;C:\Users\obi\AppData\Roaming\nvm;C:\nodejs;."/>
    <property name="java.vm.info" value="mixed mode, sharing"/>
    <property name="java.vendor" value="Oracle Corporation"/>
    <property name="java.vm.version" value="17.0.1+12-LTS-39"/>
    <property name="sun.io.unicode.encoding" value="UnicodeLittle"/>
    <property name="java.class.version" value="61.0"/>
  </properties>
  <testcase name="shouldAnswerWithTrue" classname="edu.miu.cs.cs425.AppTest" time="0.006"/>
</testsuite>